Start testing: Aug 15 19:02 CST
----------------------------------------------------------
1/7 Testing: TutorialRuns
1/7 Test: TutorialRuns
Command: "/home/mark-music/Extra_programs/cmake_test/cmake_test_3/Tutorial" "25"
Directory: /home/mark-music/Extra_programs/cmake_test/cmake_test_3
"TutorialRuns" start time: Aug 15 19:02 CST
Output:
----------------------------------------------------------
The square root of 25 is 5
<end of output>
Test time =   0.00 sec
----------------------------------------------------------
Test Passed.
"TutorialRuns" end time: Aug 15 19:02 CST
"TutorialRuns" time elapsed: 00:00:00
----------------------------------------------------------

2/7 Testing: TutorialComp25
2/7 Test: TutorialComp25
Command: "/home/mark-music/Extra_programs/cmake_test/cmake_test_3/Tutorial" "25"
Directory: /home/mark-music/Extra_programs/cmake_test/cmake_test_3
"TutorialComp25" start time: Aug 15 19:02 CST
Output:
----------------------------------------------------------
The square root of 25 is 5
<end of output>
Test time =   0.00 sec
----------------------------------------------------------
Test Pass Reason:
Required regular expression found.Regex=[25 is 5
]
"TutorialComp25" end time: Aug 15 19:02 CST
"TutorialComp25" time elapsed: 00:00:00
----------------------------------------------------------

3/7 Testing: TutorialNegative
3/7 Test: TutorialNegative
Command: "/home/mark-music/Extra_programs/cmake_test/cmake_test_3/Tutorial" "-25"
Directory: /home/mark-music/Extra_programs/cmake_test/cmake_test_3
"TutorialNegative" start time: Aug 15 19:02 CST
Output:
----------------------------------------------------------
The square root of -25 is -nan
<end of output>
Test time =   0.00 sec
----------------------------------------------------------
Test Fail Reason:
Required regular expression not found.Regex=[-25 is 0
]
"TutorialNegative" end time: Aug 15 19:02 CST
"TutorialNegative" time elapsed: 00:00:00
----------------------------------------------------------

4/7 Testing: TutorialSmall
4/7 Test: TutorialSmall
Command: "/home/mark-music/Extra_programs/cmake_test/cmake_test_3/Tutorial" "0.0001"
Directory: /home/mark-music/Extra_programs/cmake_test/cmake_test_3
"TutorialSmall" start time: Aug 15 19:02 CST
Output:
----------------------------------------------------------
The square root of 0.0001 is 0.01
<end of output>
Test time =   0.00 sec
----------------------------------------------------------
Test Pass Reason:
Required regular expression found.Regex=[0.0001 is 0.01
]
"TutorialSmall" end time: Aug 15 19:02 CST
"TutorialSmall" time elapsed: 00:00:00
----------------------------------------------------------

5/7 Testing: TutorialUsage
5/7 Test: TutorialUsage
Command: "/home/mark-music/Extra_programs/cmake_test/cmake_test_3/Tutorial"
Directory: /home/mark-music/Extra_programs/cmake_test/cmake_test_3
"TutorialUsage" start time: Aug 15 19:02 CST
Output:
----------------------------------------------------------
/home/mark-music/Extra_programs/cmake_test/cmake_test_3/Tutorial Version 1.0
Usage: /home/mark-music/Extra_programs/cmake_test/cmake_test_3/Tutorial number
<end of output>
Test time =   0.00 sec
----------------------------------------------------------
Test Pass Reason:
Required regular expression found.Regex=[Usage:.*number
]
"TutorialUsage" end time: Aug 15 19:02 CST
"TutorialUsage" time elapsed: 00:00:00
----------------------------------------------------------

6/7 Testing: TutorialComp36
6/7 Test: TutorialComp36
Command: "/home/mark-music/Extra_programs/cmake_test/cmake_test_3/Tutorial" "36"
Directory: /home/mark-music/Extra_programs/cmake_test/cmake_test_3
"TutorialComp36" start time: Aug 15 19:02 CST
Output:
----------------------------------------------------------
The square root of 36 is 6
<end of output>
Test time =   0.00 sec
----------------------------------------------------------
Test Pass Reason:
Required regular expression found.Regex=[36 is 6
]
"TutorialComp36" end time: Aug 15 19:02 CST
"TutorialComp36" time elapsed: 00:00:00
----------------------------------------------------------

7/7 Testing: TutorialComp-49
7/7 Test: TutorialComp-49
Command: "/home/mark-music/Extra_programs/cmake_test/cmake_test_3/Tutorial" "-49"
Directory: /home/mark-music/Extra_programs/cmake_test/cmake_test_3
"TutorialComp-49" start time: Aug 15 19:02 CST
Output:
----------------------------------------------------------
The square root of -49 is -nan
<end of output>
Test time =   0.00 sec
----------------------------------------------------------
Test Fail Reason:
Required regular expression not found.Regex=[-49 is -7
]
"TutorialComp-49" end time: Aug 15 19:02 CST
"TutorialComp-49" time elapsed: 00:00:00
----------------------------------------------------------

End testing: Aug 15 19:02 CST
